  Axises.cpp
D:\project\domashka_geom\domashka_geom\source\graphic\Axises.cpp(9,30): warning C4244: =: преобразование "int" в "T", возможна потеря данных
D:\project\domashka_geom\domashka_geom\source\graphic\Axises.cpp(9,30): warning C4244:         with
D:\project\domashka_geom\domashka_geom\source\graphic\Axises.cpp(9,30): warning C4244:         [
D:\project\domashka_geom\domashka_geom\source\graphic\Axises.cpp(9,30): warning C4244:             T=float
D:\project\domashka_geom\domashka_geom\source\graphic\Axises.cpp(9,30): warning C4244:         ]
D:\project\domashka_geom\domashka_geom\source\graphic\Axises.cpp(10,31): warning C4244: =: преобразование "int" в "T", возможна потеря данных
D:\project\domashka_geom\domashka_geom\source\graphic\Axises.cpp(10,31): warning C4244:         with
D:\project\domashka_geom\domashka_geom\source\graphic\Axises.cpp(10,31): warning C4244:         [
D:\project\domashka_geom\domashka_geom\source\graphic\Axises.cpp(10,31): warning C4244:             T=float
D:\project\domashka_geom\domashka_geom\source\graphic\Axises.cpp(10,31): warning C4244:         ]
D:\project\domashka_geom\domashka_geom\source\graphic\Axises.cpp(17,32): warning C4244: аргумент: преобразование "const int" в "T", возможна потеря данных
D:\project\domashka_geom\domashka_geom\source\graphic\Axises.cpp(17,32): warning C4244:         with
D:\project\domashka_geom\domashka_geom\source\graphic\Axises.cpp(17,32): warning C4244:         [
D:\project\domashka_geom\domashka_geom\source\graphic\Axises.cpp(17,32): warning C4244:             T=float
D:\project\domashka_geom\domashka_geom\source\graphic\Axises.cpp(17,32): warning C4244:         ]
D:\project\domashka_geom\domashka_geom\source\graphic\Axises.cpp(20,32): warning C4244: аргумент: преобразование "const int" в "T", возможна потеря данных
D:\project\domashka_geom\domashka_geom\source\graphic\Axises.cpp(20,32): warning C4244:         with
D:\project\domashka_geom\domashka_geom\source\graphic\Axises.cpp(20,32): warning C4244:         [
D:\project\domashka_geom\domashka_geom\source\graphic\Axises.cpp(20,32): warning C4244:             T=float
D:\project\domashka_geom\domashka_geom\source\graphic\Axises.cpp(20,32): warning C4244:         ]
D:\project\domashka_geom\domashka_geom\source\graphic\Axises.cpp(34,60): warning C4244: аргумент: преобразование "int" в "T", возможна потеря данных
D:\project\domashka_geom\domashka_geom\source\graphic\Axises.cpp(34,60): warning C4244:         with
D:\project\domashka_geom\domashka_geom\source\graphic\Axises.cpp(34,60): warning C4244:         [
D:\project\domashka_geom\domashka_geom\source\graphic\Axises.cpp(34,60): warning C4244:             T=float
D:\project\domashka_geom\domashka_geom\source\graphic\Axises.cpp(34,60): warning C4244:         ]
D:\project\domashka_geom\domashka_geom\source\graphic\Axises.cpp(36,26): warning C4244: аргумент: преобразование "int" в "float", возможна потеря данных
D:\project\domashka_geom\domashka_geom\source\graphic\Axises.cpp(43,60): warning C4244: аргумент: преобразование "int" в "T", возможна потеря данных
D:\project\domashka_geom\domashka_geom\source\graphic\Axises.cpp(43,60): warning C4244:         with
D:\project\domashka_geom\domashka_geom\source\graphic\Axises.cpp(43,60): warning C4244:         [
D:\project\domashka_geom\domashka_geom\source\graphic\Axises.cpp(43,60): warning C4244:             T=float
D:\project\domashka_geom\domashka_geom\source\graphic\Axises.cpp(43,60): warning C4244:         ]
D:\project\domashka_geom\domashka_geom\source\graphic\Axises.cpp(46,81): warning C4244: аргумент: преобразование "int" в "float", возможна потеря данных
  main.cpp
  Создание кода
  8 of 19 functions (42.1%) were compiled, the rest were copied from previous compilation.
    1 functions were new in current compilation
    0 functions had inline decision re-evaluated but remain unchanged
  Создание кода завершено
  domashka_geom.vcxproj -> D:\project\domashka_geom\x64\Release\domashka_geom.exe
